2023-02-14 09:31:39,518 INFO com.api.parkingcontrolhexagonal.domain.service.ParkingSpotServiceTest [main] Starting ParkingSpotServiceTest using Java 17.0.5 on BRSVC-MTZ002951 with PID 24200 (started by mateus.peverari.ext in C:\Users\mateus.peverari.ext\IdeaProjects\parking-control-hexagonal)
2023-02-14 09:31:39,533 DEBUG com.api.parkingcontrolhexagonal.domain.service.ParkingSpotServiceTest [main] Running with Spring Boot v2.6.3, Spring v5.3.15
2023-02-14 09:31:39,534 INFO com.api.parkingcontrolhexagonal.domain.service.ParkingSpotServiceTest [main] No active profile set, falling back to default profiles: default
2023-02-14 09:31:50,488 INFO com.api.parkingcontrolhexagonal.domain.service.ParkingSpotServiceTest [main] Started ParkingSpotServiceTest in 11.598 seconds (JVM running for 14.246)
2023-02-14 09:31:51,163 INFO com.api.parkingcontrolhexagonal.infrastucture.adapters.input.eventlistener.ParkingSpotEventListenerAdapter [main] Parking spot deleted with id 190e0f71-9b44-46c8-8e30-5913a22b2446 at 14/02/2023 09:31:51
2023-02-14 09:31:51,604 INFO com.api.parkingcontrolhexagonal.infrastucture.adapters.input.eventlistener.ParkingSpotEventListenerAdapter [main] Parking spot could not be found with id 190e0f71-9b44-46c8-8e30-5913a22b2222 at 14/02/2023 09:31:51
2023-02-14 09:31:51,673 INFO com.api.parkingcontrolhexagonal.infrastucture.adapters.input.eventlistener.ParkingSpotEventListenerAdapter [main] Parking spot could not be found with name Aaaa at 14/02/2023 09:31:51
2023-02-14 09:31:51,751 INFO com.api.parkingcontrolhexagonal.infrastucture.adapters.input.eventlistener.ParkingSpotEventListenerAdapter [main] Parking spot could not be found with id 190e0f71-9b44-46c8-8e30-5913a22b2555 at 14/02/2023 09:31:51
2023-02-14 11:12:10,372 INFO com.api.parkingcontrolhexagonal.ParkingControlHexagonalApplication [restartedMain] Starting ParkingControlHexagonalApplication using Java 17.0.5 on BRSVC-MTZ002951 with PID 22584 (C:\Users\mateus.peverari.ext\IdeaProjects\parking-control-hexagonal\target\classes started by mateus.peverari.ext in C:\Users\mateus.peverari.ext\IdeaProjects\parking-control-hexagonal)
2023-02-14 11:12:10,374 DEBUG com.api.parkingcontrolhexagonal.ParkingControlHexagonalApplication [restartedMain] Running with Spring Boot v2.6.3, Spring v5.3.15
2023-02-14 11:12:10,374 INFO com.api.parkingcontrolhexagonal.ParkingControlHexagonalApplication [restartedMain] No active profile set, falling back to default profiles: default
2023-02-14 11:12:18,467 INFO com.api.parkingcontrolhexagonal.ParkingControlHexagonalApplication [restartedMain] Started ParkingControlHexagonalApplication in 8.709 seconds (JVM running for 9.789)
2023-02-14 11:12:48,602 INFO com.api.parkingcontrolhexagonal.infrastucture.adapters.input.eventlistener.ParkingSpotEventListenerAdapter [http-nio-8080-exec-2] Parking spot created with id 9fda6deb-24d5-4d47-9c3b-1d4045d37935 at 14/02/2023 11:12:48
2023-02-14 11:13:23,317 ERROR org.hibernate.engine.jdbc.spi.SqlExceptionHelper [http-nio-8080-exec-5] Unique index or primary key violation: "PUBLIC.UK_CDLEDE7INRWRBPN3MP096CRQY_INDEX_1 ON PUBLIC.PARKING_SPOT_ENTITY(LICENSE_PLATE_CAR) VALUES 1"; SQL statement:
insert into parking_spot_entity (apartment, block, brand_car, color_car, license_plate_car, model_car, parking_spot_number, responsible_name, id) values (?, ?, ?, ?, ?, ?, ?, ?, ?) [23505-200]
2023-02-14 11:13:23,324 WARN com.api.parkingcontrolhexagonal.infrastucture.adapters.input.eventlistener.ParkingSpotEventListenerAdapter [http-nio-8080-exec-5] Parking spot could not be created because of duplicate registers at 14/02/2023 11:13:23
2023-02-14 11:14:56,346 ERROR com.zaxxer.hikari.pool.HikariPool [HikariPool-1 connection adder] HikariPool-1 - Error thrown while acquiring connection from data source
org.h2.jdbc.JdbcSQLNonTransientConnectionException: The database is open in exclusive mode; can not open additional connections [90135-200]
	at org.h2.message.DbException.getJdbcSQLException(DbException.java:622)
	at org.h2.message.DbException.getJdbcSQLException(DbException.java:429)
	at org.h2.message.DbException.get(DbException.java:205)
	at org.h2.message.DbException.get(DbException.java:181)
	at org.h2.message.DbException.get(DbException.java:170)
	at org.h2.engine.Session.checkSuspended(Session.java:1369)
	at org.h2.engine.Session.transitionToState(Session.java:1361)
	at org.h2.engine.Session.setCurrentCommand(Session.java:1343)
	at org.h2.engine.Session.endStatement(Session.java:1887)
	at org.h2.command.Command.executeQuery(Command.java:227)
	at org.h2.jdbc.JdbcConnection.isReadOnly(JdbcConnection.java:631)
	at com.zaxxer.hikari.pool.PoolBase.setupConnection(PoolBase.java:408)
	at com.zaxxer.hikari.pool.PoolBase.newConnection(PoolBase.java:369)
	at com.zaxxer.hikari.pool.PoolBase.newPoolEntry(PoolBase.java:206)
	at com.zaxxer.hikari.pool.HikariPool.createPoolEntry(HikariPool.java:476)
	at com.zaxxer.hikari.pool.HikariPool.access$100(HikariPool.java:71)
	at com.zaxxer.hikari.pool.HikariPool$PoolEntryCreator.call(HikariPool.java:726)
	at com.zaxxer.hikari.pool.HikariPool$PoolEntryCreator.call(HikariPool.java:712)
	at java.base/java.util.concurrent.FutureTask.run(FutureTask.java:264)
	at java.base/java.util.concurrent.ThreadPoolExecutor.runWorker(ThreadPoolExecutor.java:1136)
	at java.base/java.util.concurrent.ThreadPoolExecutor$Worker.run(ThreadPoolExecutor.java:635)
	at java.base/java.lang.Thread.run(Thread.java:833)
2023-02-14 11:15:01,236 INFO com.api.parkingcontrolhexagonal.ParkingControlHexagonalApplication [restartedMain] Starting ParkingControlHexagonalApplication using Java 17.0.5 on BRSVC-MTZ002951 with PID 20240 (C:\Users\mateus.peverari.ext\IdeaProjects\parking-control-hexagonal\target\classes started by mateus.peverari.ext in C:\Users\mateus.peverari.ext\IdeaProjects\parking-control-hexagonal)
2023-02-14 11:15:01,242 DEBUG com.api.parkingcontrolhexagonal.ParkingControlHexagonalApplication [restartedMain] Running with Spring Boot v2.6.3, Spring v5.3.15
2023-02-14 11:15:01,243 INFO com.api.parkingcontrolhexagonal.ParkingControlHexagonalApplication [restartedMain] No active profile set, falling back to default profiles: default
2023-02-14 11:15:09,174 INFO com.api.parkingcontrolhexagonal.ParkingControlHexagonalApplication [restartedMain] Started ParkingControlHexagonalApplication in 8.576 seconds (JVM running for 9.689)
2023-02-14 11:15:41,609 INFO com.api.parkingcontrolhexagonal.infrastucture.adapters.input.eventlistener.ParkingSpotEventListenerAdapter [http-nio-8080-exec-2] Parking spot created with id d0e83509-7c06-42ce-bfbd-4b68e5bbddca at 14/02/2023 11:15:41
2023-02-14 13:29:56,428 INFO com.api.parkingcontrolhexagonal.domain.service.ParkingSpotServiceTest [main] Starting ParkingSpotServiceTest using Java 17.0.5 on BRSVC-MTZ002951 with PID 9876 (started by mateus.peverari.ext in C:\Users\mateus.peverari.ext\IdeaProjects\parking-control-hexagonal)
2023-02-14 13:29:56,433 DEBUG com.api.parkingcontrolhexagonal.domain.service.ParkingSpotServiceTest [main] Running with Spring Boot v2.6.3, Spring v5.3.15
2023-02-14 13:29:56,433 INFO com.api.parkingcontrolhexagonal.domain.service.ParkingSpotServiceTest [main] No active profile set, falling back to default profiles: default
2023-02-14 13:30:06,038 INFO com.api.parkingcontrolhexagonal.domain.service.ParkingSpotServiceTest [main] Started ParkingSpotServiceTest in 10.102 seconds (JVM running for 12.226)
2023-02-14 13:30:06,760 INFO com.api.parkingcontrolhexagonal.infrastucture.adapters.input.eventlistener.ParkingSpotEventListenerAdapter [main] Parking spot deleted with id 190e0f71-9b44-46c8-8e30-5913a22b2446 at 14/02/2023 13:30:06
2023-02-14 13:30:07,043 INFO com.api.parkingcontrolhexagonal.infrastucture.adapters.input.eventlistener.ParkingSpotEventListenerAdapter [main] Parking spot could not be found with id 190e0f71-9b44-46c8-8e30-5913a22b2222 at 14/02/2023 13:30:07
2023-02-14 13:30:07,077 INFO com.api.parkingcontrolhexagonal.infrastucture.adapters.input.eventlistener.ParkingSpotEventListenerAdapter [main] Parking spot could not be found with id 190e0f71-9b44-46c8-8e30-5913a22b2555 at 14/02/2023 13:30:07
2023-02-14 13:30:07,211 INFO com.api.parkingcontrolhexagonal.infrastucture.adapters.input.eventlistener.ParkingSpotEventListenerAdapter [main] Parking spot deleted with id 190e0f71-9b44-46c8-8e30-5913a22b2446 at 14/02/2023 13:30:07
2023-02-14 13:30:07,239 INFO com.api.parkingcontrolhexagonal.infrastucture.adapters.input.eventlistener.ParkingSpotEventListenerAdapter [main] Parking spot could not be found with id 190e0f71-9b44-46c8-8e30-5913a22b2555 at 14/02/2023 13:30:07
2023-02-14 13:30:07,393 INFO com.api.parkingcontrolhexagonal.infrastucture.adapters.input.eventlistener.ParkingSpotEventListenerAdapter [main] Parking spot could not be found with id 190e0f71-9b44-46c8-8e30-5913a22b2555 at 14/02/2023 13:30:07
2023-02-14 13:31:16,974 INFO com.api.parkingcontrolhexagonal.domain.service.ParkingSpotServiceTest [main] Starting ParkingSpotServiceTest using Java 17.0.5 on BRSVC-MTZ002951 with PID 24932 (started by mateus.peverari.ext in C:\Users\mateus.peverari.ext\IdeaProjects\parking-control-hexagonal)
2023-02-14 13:31:16,978 DEBUG com.api.parkingcontrolhexagonal.domain.service.ParkingSpotServiceTest [main] Running with Spring Boot v2.6.3, Spring v5.3.15
2023-02-14 13:31:16,979 INFO com.api.parkingcontrolhexagonal.domain.service.ParkingSpotServiceTest [main] No active profile set, falling back to default profiles: default
2023-02-14 13:31:24,595 INFO com.api.parkingcontrolhexagonal.domain.service.ParkingSpotServiceTest [main] Started ParkingSpotServiceTest in 7.929 seconds (JVM running for 9.217)
2023-02-14 13:31:25,242 INFO com.api.parkingcontrolhexagonal.infrastucture.adapters.input.eventlistener.ParkingSpotEventListenerAdapter [main] Parking spot deleted with id 190e0f71-9b44-46c8-8e30-5913a22b2446 at 14/02/2023 13:31:25
2023-02-14 13:31:25,601 INFO com.api.parkingcontrolhexagonal.infrastucture.adapters.input.eventlistener.ParkingSpotEventListenerAdapter [main] Parking spot could not be found with id 190e0f71-9b44-46c8-8e30-5913a22b2222 at 14/02/2023 13:31:25
2023-02-14 13:31:25,634 INFO com.api.parkingcontrolhexagonal.infrastucture.adapters.input.eventlistener.ParkingSpotEventListenerAdapter [main] Parking spot could not be found with id 190e0f71-9b44-46c8-8e30-5913a22b2555 at 14/02/2023 13:31:25
2023-02-14 13:31:25,761 INFO com.api.parkingcontrolhexagonal.infrastucture.adapters.input.eventlistener.ParkingSpotEventListenerAdapter [main] Parking spot deleted with id 190e0f71-9b44-46c8-8e30-5913a22b2446 at 14/02/2023 13:31:25
2023-02-14 13:31:25,788 INFO com.api.parkingcontrolhexagonal.infrastucture.adapters.input.eventlistener.ParkingSpotEventListenerAdapter [main] Parking spot could not be found with id 190e0f71-9b44-46c8-8e30-5913a22b2555 at 14/02/2023 13:31:25
2023-02-14 13:31:25,819 INFO com.api.parkingcontrolhexagonal.infrastucture.adapters.input.eventlistener.ParkingSpotEventListenerAdapter [main] Parking spot could not be found with id 190e0f71-9b44-46c8-8e30-5913a22b2555 at 14/02/2023 13:31:25
2023-02-14 13:50:04,503 INFO com.api.parkingcontrolhexagonal.ParkingControlHexagonalApplication [restartedMain] Starting ParkingControlHexagonalApplication using Java 17.0.5 on BRSVC-MTZ002951 with PID 11552 (C:\Users\mateus.peverari.ext\IdeaProjects\parking-control-hexagonal\target\classes started by mateus.peverari.ext in C:\Users\mateus.peverari.ext\IdeaProjects\parking-control-hexagonal)
2023-02-14 13:50:04,504 DEBUG com.api.parkingcontrolhexagonal.ParkingControlHexagonalApplication [restartedMain] Running with Spring Boot v2.6.3, Spring v5.3.15
2023-02-14 13:50:04,504 INFO com.api.parkingcontrolhexagonal.ParkingControlHexagonalApplication [restartedMain] No active profile set, falling back to default profiles: default
2023-02-14 13:50:08,935 INFO com.api.parkingcontrolhexagonal.ParkingControlHexagonalApplication [restartedMain] Started ParkingControlHexagonalApplication in 4.734 seconds (JVM running for 5.317)
2023-02-14 13:50:22,530 INFO com.api.parkingcontrolhexagonal.infrastucture.adapters.input.eventlistener.ParkingSpotEventListenerAdapter [http-nio-8080-exec-9] Parking spot created with id 66abaf76-fbf0-4d2d-9483-6c6641804535 at 14/02/2023 13:50:22
2023-02-14 13:50:41,939 INFO com.api.parkingcontrolhexagonal.infrastucture.adapters.input.eventlistener.ParkingSpotEventListenerAdapter [http-nio-8080-exec-10] Parking spot created with id 20e48d0b-5113-46d6-b5e7-83f7a17d93fd at 14/02/2023 13:50:41
2023-02-14 13:51:08,362 INFO com.api.parkingcontrolhexagonal.infrastucture.adapters.input.eventlistener.ParkingSpotEventListenerAdapter [http-nio-8080-exec-2] Parking spot deleted with id 20e48d0b-5113-46d6-b5e7-83f7a17d93fd at 14/02/2023 13:51:08
2023-02-14 13:51:47,496 ERROR com.zaxxer.hikari.pool.HikariPool [HikariPool-1 connection adder] HikariPool-1 - Error thrown while acquiring connection from data source
org.h2.jdbc.JdbcSQLNonTransientConnectionException: The database is open in exclusive mode; can not open additional connections [90135-200]
	at org.h2.message.DbException.getJdbcSQLException(DbException.java:622)
	at org.h2.message.DbException.getJdbcSQLException(DbException.java:429)
	at org.h2.message.DbException.get(DbException.java:205)
	at org.h2.message.DbException.get(DbException.java:181)
	at org.h2.message.DbException.get(DbException.java:170)
	at org.h2.engine.Session.checkSuspended(Session.java:1369)
	at org.h2.engine.Session.transitionToState(Session.java:1361)
	at org.h2.engine.Session.setCurrentCommand(Session.java:1343)
	at org.h2.engine.Session.startStatementWithinTransaction(Session.java:1853)
	at org.h2.command.Command.executeQuery(Command.java:190)
	at org.h2.jdbc.JdbcConnection.isReadOnly(JdbcConnection.java:631)
	at com.zaxxer.hikari.pool.PoolBase.setupConnection(PoolBase.java:408)
	at com.zaxxer.hikari.pool.PoolBase.newConnection(PoolBase.java:369)
	at com.zaxxer.hikari.pool.PoolBase.newPoolEntry(PoolBase.java:206)
	at com.zaxxer.hikari.pool.HikariPool.createPoolEntry(HikariPool.java:476)
	at com.zaxxer.hikari.pool.HikariPool.access$100(HikariPool.java:71)
	at com.zaxxer.hikari.pool.HikariPool$PoolEntryCreator.call(HikariPool.java:726)
	at com.zaxxer.hikari.pool.HikariPool$PoolEntryCreator.call(HikariPool.java:712)
	at java.base/java.util.concurrent.FutureTask.run(FutureTask.java:264)
	at java.base/java.util.concurrent.ThreadPoolExecutor.runWorker(ThreadPoolExecutor.java:1136)
	at java.base/java.util.concurrent.ThreadPoolExecutor$Worker.run(ThreadPoolExecutor.java:635)
	at java.base/java.lang.Thread.run(Thread.java:833)
2023-02-14 13:52:30,411 INFO com.api.parkingcontrolhexagonal.domain.service.ParkingSpotServiceTest [main] Starting ParkingSpotServiceTest using Java 17.0.5 on BRSVC-MTZ002951 with PID 17964 (started by mateus.peverari.ext in C:\Users\mateus.peverari.ext\IdeaProjects\parking-control-hexagonal)
2023-02-14 13:52:30,413 DEBUG com.api.parkingcontrolhexagonal.domain.service.ParkingSpotServiceTest [main] Running with Spring Boot v2.6.3, Spring v5.3.15
2023-02-14 13:52:30,414 INFO com.api.parkingcontrolhexagonal.domain.service.ParkingSpotServiceTest [main] No active profile set, falling back to default profiles: default
2023-02-14 13:52:36,330 INFO com.api.parkingcontrolhexagonal.domain.service.ParkingSpotServiceTest [main] Started ParkingSpotServiceTest in 6.196 seconds (JVM running for 7.146)
2023-02-14 13:52:36,829 INFO com.api.parkingcontrolhexagonal.infrastucture.adapters.input.eventlistener.ParkingSpotEventListenerAdapter [main] Parking spot deleted with id 190e0f71-9b44-46c8-8e30-5913a22b2446 at 14/02/2023 13:52:36
2023-02-14 13:52:37,060 INFO com.api.parkingcontrolhexagonal.infrastucture.adapters.input.eventlistener.ParkingSpotEventListenerAdapter [main] Parking spot could not be found with id 190e0f71-9b44-46c8-8e30-5913a22b2222 at 14/02/2023 13:52:37
2023-02-14 13:52:37,156 INFO com.api.parkingcontrolhexagonal.infrastucture.adapters.input.eventlistener.ParkingSpotEventListenerAdapter [main] Parking spot could not be found with id 190e0f71-9b44-46c8-8e30-5913a22b2555 at 14/02/2023 13:52:37
2023-02-14 13:52:53,218 INFO com.api.parkingcontrolhexagonal.domain.service.ParkingSpotServiceTest [main] Starting ParkingSpotServiceTest using Java 17.0.5 on BRSVC-MTZ002951 with PID 608 (started by mateus.peverari.ext in C:\Users\mateus.peverari.ext\IdeaProjects\parking-control-hexagonal)
2023-02-14 13:52:53,223 DEBUG com.api.parkingcontrolhexagonal.domain.service.ParkingSpotServiceTest [main] Running with Spring Boot v2.6.3, Spring v5.3.15
2023-02-14 13:52:53,224 INFO com.api.parkingcontrolhexagonal.domain.service.ParkingSpotServiceTest [main] No active profile set, falling back to default profiles: default
2023-02-14 13:53:00,580 INFO com.api.parkingcontrolhexagonal.domain.service.ParkingSpotServiceTest [main] Started ParkingSpotServiceTest in 7.844 seconds (JVM running for 9.348)
2023-02-14 13:53:01,088 INFO com.api.parkingcontrolhexagonal.infrastucture.adapters.input.eventlistener.ParkingSpotEventListenerAdapter [main] Parking spot deleted with id 190e0f71-9b44-46c8-8e30-5913a22b2446 at 14/02/2023 13:53:01
2023-02-14 13:53:01,344 INFO com.api.parkingcontrolhexagonal.infrastucture.adapters.input.eventlistener.ParkingSpotEventListenerAdapter [main] Parking spot could not be found with id 190e0f71-9b44-46c8-8e30-5913a22b2222 at 14/02/2023 13:53:01
2023-02-14 13:53:01,481 INFO com.api.parkingcontrolhexagonal.infrastucture.adapters.input.eventlistener.ParkingSpotEventListenerAdapter [main] Parking spot could not be found with id 190e0f71-9b44-46c8-8e30-5913a22b2555 at 14/02/2023 13:53:01
2023-02-14 13:53:21,976 INFO com.api.parkingcontrolhexagonal.domain.service.ParkingSpotServiceTest [main] Starting ParkingSpotServiceTest using Java 17.0.5 on BRSVC-MTZ002951 with PID 20800 (started by mateus.peverari.ext in C:\Users\mateus.peverari.ext\IdeaProjects\parking-control-hexagonal)
2023-02-14 13:53:21,978 DEBUG com.api.parkingcontrolhexagonal.domain.service.ParkingSpotServiceTest [main] Running with Spring Boot v2.6.3, Spring v5.3.15
2023-02-14 13:53:21,978 INFO com.api.parkingcontrolhexagonal.domain.service.ParkingSpotServiceTest [main] No active profile set, falling back to default profiles: default
2023-02-14 13:53:29,604 INFO com.api.parkingcontrolhexagonal.domain.service.ParkingSpotServiceTest [main] Started ParkingSpotServiceTest in 8.064 seconds (JVM running for 9.598)
2023-02-14 13:53:30,171 INFO com.api.parkingcontrolhexagonal.infrastucture.adapters.input.eventlistener.ParkingSpotEventListenerAdapter [main] Parking spot deleted with id 190e0f71-9b44-46c8-8e30-5913a22b2446 at 14/02/2023 13:53:30
2023-02-14 13:53:30,526 INFO com.api.parkingcontrolhexagonal.infrastucture.adapters.input.eventlistener.ParkingSpotEventListenerAdapter [main] Parking spot could not be found with id 190e0f71-9b44-46c8-8e30-5913a22b2222 at 14/02/2023 13:53:30
2023-02-14 13:53:30,661 INFO com.api.parkingcontrolhexagonal.infrastucture.adapters.input.eventlistener.ParkingSpotEventListenerAdapter [main] Parking spot could not be found with id 190e0f71-9b44-46c8-8e30-5913a22b2555 at 14/02/2023 13:53:30
2023-02-14 13:53:40,034 INFO com.api.parkingcontrolhexagonal.ParkingControlHexagonalApplication [restartedMain] Starting ParkingControlHexagonalApplication using Java 17.0.5 on BRSVC-MTZ002951 with PID 10548 (C:\Users\mateus.peverari.ext\IdeaProjects\parking-control-hexagonal\target\classes started by mateus.peverari.ext in C:\Users\mateus.peverari.ext\IdeaProjects\parking-control-hexagonal)
2023-02-14 13:53:40,037 DEBUG com.api.parkingcontrolhexagonal.ParkingControlHexagonalApplication [restartedMain] Running with Spring Boot v2.6.3, Spring v5.3.15
2023-02-14 13:53:40,037 INFO com.api.parkingcontrolhexagonal.ParkingControlHexagonalApplication [restartedMain] No active profile set, falling back to default profiles: default
2023-02-14 13:53:49,831 INFO com.api.parkingcontrolhexagonal.ParkingControlHexagonalApplication [restartedMain] Started ParkingControlHexagonalApplication in 10.652 seconds (JVM running for 11.641)
2023-02-14 13:55:25,232 INFO com.api.parkingcontrolhexagonal.ParkingControlHexagonalApplication [restartedMain] Starting ParkingControlHexagonalApplication using Java 17.0.5 on BRSVC-MTZ002951 with PID 9272 (C:\Users\mateus.peverari.ext\IdeaProjects\parking-control-hexagonal\target\classes started by mateus.peverari.ext in C:\Users\mateus.peverari.ext\IdeaProjects\parking-control-hexagonal)
2023-02-14 13:55:25,236 DEBUG com.api.parkingcontrolhexagonal.ParkingControlHexagonalApplication [restartedMain] Running with Spring Boot v2.6.3, Spring v5.3.15
2023-02-14 13:55:25,237 INFO com.api.parkingcontrolhexagonal.ParkingControlHexagonalApplication [restartedMain] No active profile set, falling back to default profiles: default
2023-02-14 13:55:33,957 INFO com.api.parkingcontrolhexagonal.ParkingControlHexagonalApplication [restartedMain] Started ParkingControlHexagonalApplication in 9.406 seconds (JVM running for 10.415)
2023-02-14 13:55:45,495 INFO com.api.parkingcontrolhexagonal.infrastucture.adapters.input.eventlistener.ParkingSpotEventListenerAdapter [http-nio-8080-exec-5] Parking spot could not be found with name John Doe at 14/02/2023 13:55:45
2023-02-14 13:56:16,240 INFO com.api.parkingcontrolhexagonal.domain.service.ParkingSpotServiceTest [main] Starting ParkingSpotServiceTest using Java 17.0.5 on BRSVC-MTZ002951 with PID 7960 (started by mateus.peverari.ext in C:\Users\mateus.peverari.ext\IdeaProjects\parking-control-hexagonal)
2023-02-14 13:56:16,242 DEBUG com.api.parkingcontrolhexagonal.domain.service.ParkingSpotServiceTest [main] Running with Spring Boot v2.6.3, Spring v5.3.15
2023-02-14 13:56:16,243 INFO com.api.parkingcontrolhexagonal.domain.service.ParkingSpotServiceTest [main] No active profile set, falling back to default profiles: default
2023-02-14 13:56:23,959 INFO com.api.parkingcontrolhexagonal.domain.service.ParkingSpotServiceTest [main] Started ParkingSpotServiceTest in 8.118 seconds (JVM running for 9.726)
2023-02-14 13:56:24,514 INFO com.api.parkingcontrolhexagonal.infrastucture.adapters.input.eventlistener.ParkingSpotEventListenerAdapter [main] Parking spot could not be found with name Aaaa at 14/02/2023 13:56:24
2023-02-14 13:56:55,151 INFO com.api.parkingcontrolhexagonal.infrastructure.adapters.input.rest.ParkingSpotRestAdapterTest [main] Starting ParkingSpotRestAdapterTest using Java 17.0.5 on BRSVC-MTZ002951 with PID 20596 (started by mateus.peverari.ext in C:\Users\mateus.peverari.ext\IdeaProjects\parking-control-hexagonal)
2023-02-14 13:56:55,155 DEBUG com.api.parkingcontrolhexagonal.infrastructure.adapters.input.rest.ParkingSpotRestAdapterTest [main] Running with Spring Boot v2.6.3, Spring v5.3.15
2023-02-14 13:56:55,155 INFO com.api.parkingcontrolhexagonal.infrastructure.adapters.input.rest.ParkingSpotRestAdapterTest [main] No active profile set, falling back to default profiles: default
2023-02-14 13:57:02,497 INFO com.api.parkingcontrolhexagonal.infrastructure.adapters.input.rest.ParkingSpotRestAdapterTest [main] Started ParkingSpotRestAdapterTest in 8.022 seconds (JVM running for 10.203)
2023-02-14 13:57:03,545 INFO com.api.parkingcontrolhexagonal.infrastucture.adapters.input.eventlistener.ParkingSpotEventListenerAdapter [main] Parking spot could not be found with name Aaaa at 14/02/2023 13:57:03
2023-02-14 13:57:14,053 ERROR com.zaxxer.hikari.pool.HikariPool [HikariPool-1 connection adder] HikariPool-1 - Error thrown while acquiring connection from data source
org.h2.jdbc.JdbcSQLNonTransientConnectionException: The database is open in exclusive mode; can not open additional connections [90135-200]
	at org.h2.message.DbException.getJdbcSQLException(DbException.java:622)
	at org.h2.message.DbException.getJdbcSQLException(DbException.java:429)
	at org.h2.message.DbException.get(DbException.java:205)
	at org.h2.message.DbException.get(DbException.java:181)
	at org.h2.message.DbException.get(DbException.java:170)
	at org.h2.engine.Session.checkSuspended(Session.java:1369)
	at org.h2.engine.Session.transitionToState(Session.java:1361)
	at org.h2.engine.Session.waitIfExclusiveModeEnabled(Session.java:1633)
	at org.h2.command.Command.executeQuery(Command.java:186)
	at org.h2.jdbc.JdbcConnection.isReadOnly(JdbcConnection.java:631)
	at com.zaxxer.hikari.pool.PoolBase.setupConnection(PoolBase.java:408)
	at com.zaxxer.hikari.pool.PoolBase.newConnection(PoolBase.java:369)
	at com.zaxxer.hikari.pool.PoolBase.newPoolEntry(PoolBase.java:206)
	at com.zaxxer.hikari.pool.HikariPool.createPoolEntry(HikariPool.java:476)
	at com.zaxxer.hikari.pool.HikariPool.access$100(HikariPool.java:71)
	at com.zaxxer.hikari.pool.HikariPool$PoolEntryCreator.call(HikariPool.java:726)
	at com.zaxxer.hikari.pool.HikariPool$PoolEntryCreator.call(HikariPool.java:712)
	at java.base/java.util.concurrent.FutureTask.run(FutureTask.java:264)
	at java.base/java.util.concurrent.ThreadPoolExecutor.runWorker(ThreadPoolExecutor.java:1136)
	at java.base/java.util.concurrent.ThreadPoolExecutor$Worker.run(ThreadPoolExecutor.java:635)
	at java.base/java.lang.Thread.run(Thread.java:833)
2023-02-14 13:58:23,814 INFO com.api.parkingcontrolhexagonal.infrastructure.adapters.output.persistence.repository.ParkingSpotRepositoryTest [main] Starting ParkingSpotRepositoryTest using Java 17.0.5 on BRSVC-MTZ002951 with PID 11208 (started by mateus.peverari.ext in C:\Users\mateus.peverari.ext\IdeaProjects\parking-control-hexagonal)
2023-02-14 13:58:23,820 DEBUG com.api.parkingcontrolhexagonal.infrastructure.adapters.output.persistence.repository.ParkingSpotRepositoryTest [main] Running with Spring Boot v2.6.3, Spring v5.3.15
2023-02-14 13:58:23,820 INFO com.api.parkingcontrolhexagonal.infrastructure.adapters.output.persistence.repository.ParkingSpotRepositoryTest [main] No active profile set, falling back to default profiles: default
2023-02-14 13:58:31,606 INFO com.api.parkingcontrolhexagonal.infrastructure.adapters.output.persistence.repository.ParkingSpotRepositoryTest [main] Started ParkingSpotRepositoryTest in 8.543 seconds (JVM running for 10.805)
